Using pre-set license
Built from '2021.3/staging' branch; Version is '2021.3.19f1 (c9714fde33b6) revision 13201743'; Using compiler version '192829333'; Build Type 'Release'
OS: 'Windows 10  (10.0.19044) 64bit Core' Language: 'ru' Physical Memory: 8094 MB
BatchMode: 1, IsHumanControllingUs: 0, StartBugReporterOnCrash: 0, Is64bit: 1, IsPro: 1

COMMAND LINE ARGUMENTS:
D:\Unity Hub\2021.3.19f1\Editor\Unity.exe
-adb2
-batchMode
-noUpm
-name
AssetImportWorker0
-projectPath
D:/git/Legend-of-Wizard
-logFile
Logs/AssetImportWorker0.log
-srvPort
50392
Successfully changed project path to: D:/git/Legend-of-Wizard
D:/git/Legend-of-Wizard
[UnityMemory] Configuration Parameters - Can be set up in boot.config
    "memorysetup-bucket-allocator-granularity=16"
    "memorysetup-bucket-allocator-bucket-count=8"
    "memorysetup-bucket-allocator-block-size=33554432"
    "memorysetup-bucket-allocator-block-count=8"
    "memorysetup-main-allocator-block-size=16777216"
    "memorysetup-thread-allocator-block-size=16777216"
    "memorysetup-gfx-main-allocator-block-size=16777216"
    "memorysetup-gfx-thread-allocator-block-size=16777216"
    "memorysetup-cache-allocator-block-size=4194304"
    "memorysetup-typetree-allocator-block-size=2097152"
    "memorysetup-profiler-bucket-allocator-granularity=16"
    "memorysetup-profiler-bucket-allocator-bucket-count=8"
    "memorysetup-profiler-bucket-allocator-block-size=33554432"
    "memorysetup-profiler-bucket-allocator-block-count=8"
    "memorysetup-profiler-allocator-block-size=16777216"
    "memorysetup-profiler-editor-allocator-block-size=1048576"
    "memorysetup-temp-allocator-size-main=16777216"
    "memorysetup-job-temp-allocator-block-size=2097152"
    "memorysetup-job-temp-allocator-block-size-background=1048576"
    "memorysetup-job-temp-allocator-reduction-small-platforms=262144"
    "memorysetup-temp-allocator-size-background-worker=32768"
    "memorysetup-temp-allocator-size-job-worker=262144"
    "memorysetup-temp-allocator-size-preload-manager=33554432"
    "memorysetup-temp-allocator-size-nav-mesh-worker=65536"
    "memorysetup-temp-allocator-size-audio-worker=65536"
    "memorysetup-temp-allocator-size-cloud-worker=32768"
    "memorysetup-temp-allocator-size-gi-baking-worker=262144"
    "memorysetup-temp-allocator-size-gfx=262144"
Player connection [6028] Host "[IP] 192.168.1.64 [Port] 0 [Flags] 2 [Guid] 3081755746 [EditorId] 3081755746 [Version] 1048832 [Id] WindowsEditor(7,DESKTOP-LA2I1KH) [Debug] 1 [PackageName] WindowsEditor [ProjectName] Editor" joined multi-casting on [225.0.0.222:54997]...

Player connection [6028] Host "[IP] 192.168.1.64 [Port] 0 [Flags] 2 [Guid] 3081755746 [EditorId] 3081755746 [Version] 1048832 [Id] WindowsEditor(7,DESKTOP-LA2I1KH) [Debug] 1 [PackageName] WindowsEditor [ProjectName] Editor" joined alternative multi-casting on [225.0.0.222:34997]...

Refreshing native plugins compatible for Editor in 237.09 ms, found 4 plugins.
Preloading 0 native plugins for Editor in 0.00 ms.
Initialize engine version: 2021.3.19f1 (c9714fde33b6)
[Subsystems] Discovering subsystems at path D:/Unity Hub/2021.3.19f1/Editor/Data/Resources/UnitySubsystems
[Subsystems] Discovering subsystems at path D:/git/Legend-of-Wizard/Assets
GfxDevice: creating device client; threaded=0; jobified=0
Direct3D:
    Version:  Direct3D 11.0 [level 11.0]
    Renderer: Intel(R) HD Graphics 4000 (ID=0x166)
    Vendor:   Intel
    VRAM:     128 MB
    Driver:   10.18.10.5161
Initialize mono
Mono path[0] = 'D:/Unity Hub/2021.3.19f1/Editor/Data/Managed'
Mono path[1] = 'D:/Unity Hub/2021.3.19f1/Editor/Data/MonoBleedingEdge/lib/mono/unityjit-win32'
Mono config path = 'D:/Unity Hub/2021.3.19f1/Editor/Data/MonoBleedingEdge/etc'
Using monoOptions --debugger-agent=transport=dt_socket,embedding=1,server=y,suspend=n,address=127.0.0.1:56560
Begin MonoManager ReloadAssembly
Registering precompiled unity dll's ...
Register platform support module: D:/Unity Hub/2021.3.19f1/Editor/Data/PlaybackEngines/AndroidPlayer/UnityEditor.Android.Extensions.dll
Register platform support module: D:/Unity Hub/2021.3.19f1/Editor/Data/PlaybackEngines/WindowsStandaloneSupport/UnityEditor.WindowsStandalone.Extensions.dll
Register platform support module: D:/Unity Hub/2021.3.19f1/Editor/Data/PlaybackEngines/MetroSupport/UnityEditor.UWP.Extensions.dll
Registered in 0.007144 seconds.
Native extension for UWP target not found
Native extension for WindowsStandalone target not found
Native extension for Android target not found
Android Extension - Scanning For ADB Devices 596 ms
Refreshing native plugins compatible for Editor in 243.83 ms, found 4 plugins.
Preloading 0 native plugins for Editor in 0.00 ms.
Mono: successfully reloaded assembly
- Completed reload, in  2.135 seconds
Domain Reload Profiling:
	ReloadAssembly (2136ms)
		BeginReloadAssembly (155ms)
			ExecutionOrderSort (0ms)
			DisableScriptedObjects (0ms)
			BackupInstance (0ms)
			ReleaseScriptingObjects (0ms)
			CreateAndSetChildDomain (2ms)
		EndReloadAssembly (1744ms)
			LoadAssemblies (154ms)
			RebuildTransferFunctionScriptingTraits (0ms)
			SetupTypeCache (250ms)
			ReleaseScriptCaches (0ms)
			RebuildScriptCaches (68ms)
			SetupLoadedEditorAssemblies (1318ms)
				LogAssemblyErrors (0ms)
				InitializePlatformSupportModulesInManaged (737ms)
				SetLoadedEditorAssemblies (0ms)
				RefreshPlugins (244ms)
				BeforeProcessingInitializeOnLoad (3ms)
				ProcessInitializeOnLoadAttributes (229ms)
				ProcessInitializeOnLoadMethodAttributes (106ms)
				AfterProcessingInitializeOnLoad (0ms)
				EditorAssembliesLoaded (0ms)
			ExecutionOrderSort2 (0ms)
			AwakeInstancesAfterBackupRestoration (0ms)
Platform modules already initialized, skipping
Registering precompiled user dll's ...
Registered in 0.009622 seconds.
Begin MonoManager ReloadAssembly
Symbol file LoadedFromMemory doesn't match image D:\git\Legend-of-Wizard\Library\PackageCache\com.unity.visualscripting@1.8.0\Editor\VisualScripting.Core\Dependencies\YamlDotNet\Unity.VisualScripting.YamlDotNet.dll
Symbol file LoadedFromMemory doesn't match image D:\git\Legend-of-Wizard\Library\PackageCache\com.unity.visualscripting@1.8.0\Editor\VisualScripting.Core\Dependencies\DotNetZip\Unity.VisualScripting.IonicZip.dll
Native extension for UWP target not found
Native extension for WindowsStandalone target not found
Native extension for Android target not found
Refreshing native plugins compatible for Editor in 247.00 ms, found 4 plugins.
Preloading 0 native plugins for Editor in 0.00 ms.
Mono: successfully reloaded assembly
- Completed reload, in  2.716 seconds
Domain Reload Profiling:
	ReloadAssembly (2717ms)
		BeginReloadAssembly (222ms)
			ExecutionOrderSort (0ms)
			DisableScriptedObjects (13ms)
			BackupInstance (0ms)
			ReleaseScriptingObjects (0ms)
			CreateAndSetChildDomain (34ms)
		EndReloadAssembly (2203ms)
			LoadAssemblies (174ms)
			RebuildTransferFunctionScriptingTraits (0ms)
			SetupTypeCache (591ms)
			ReleaseScriptCaches (1ms)
			RebuildScriptCaches (159ms)
			SetupLoadedEditorAssemblies (1148ms)
				LogAssemblyErrors (0ms)
				InitializePlatformSupportModulesInManaged (38ms)
				SetLoadedEditorAssemblies (0ms)
				RefreshPlugins (247ms)
				BeforeProcessingInitializeOnLoad (204ms)
				ProcessInitializeOnLoadAttributes (568ms)
				ProcessInitializeOnLoadMethodAttributes (82ms)
				AfterProcessingInitializeOnLoad (7ms)
				EditorAssembliesLoaded (0ms)
			ExecutionOrderSort2 (0ms)
			AwakeInstancesAfterBackupRestoration (17ms)
Platform modules already initialized, skipping
========================================================================
Worker process is ready to serve import requests
Launched and connected shader compiler UnityShaderCompiler.exe after 0.09 seconds
Refreshing native plugins compatible for Editor in 2.25 ms, found 4 plugins.
Preloading 0 native plugins for Editor in 0.00 ms.
Unloading 4080 Unused Serialized files (Serialized files now loaded: 0)
Unloading 60 unused Assets / (1.3 MB). Loaded Objects now: 4533.
Memory consumption went from 164.9 MB to 163.6 MB.
Total: 45.620800 ms (FindLiveObjects: 0.899500 ms CreateObjectMapping: 0.722600 ms MarkObjects: 42.893000 ms  DeleteObjects: 1.102900 ms)

AssetImportParameters requested are different than current active one (requested -> active):
  custom:video-decoder-ogg-theora: a1e56fd34408186e4bbccfd4996cb3dc -> 
  custom:container-muxer-webm: aa71ff27fc2769a1b78a27578f13a17b -> 
  custom:container-demuxer-webm: 4f35f7cbe854078d1ac9338744f61a02 -> 
  custom:video-encoder-webm-vp8: eb34c28f22e8b96e1ab97ce403110664 -> 
  custom:audio-encoder-webm-vorbis: bf7c407c2cedff20999df2af8eb42d56 -> 
  custom:framework-win-MediaFoundation: 216162199b28c13a410421893ffa2e32 -> 
  custom:container-demuxer-ogg: 62fdf1f143b41e24485cea50d1cbac27 -> 
  custom:video-decoder-webm-vp8: 9c59270c3fd7afecdb556c50c9e8de78 -> 
  custom:audio-decoder-ogg-vorbis: bf7c407c2cedff20999df2af8eb42d56 -> 
========================================================================
Received Import Request.
  Time since last request: 2319.370828 seconds.
  path: Assets/Текстуры/Материалы/ГГ просто сегый маг 1.prefab
  artifactKey: Guid(42e73c2240c68fe40813429d4091574b) Importer(815301076,1909f56bfc062723c751e8b465ee728b)
Start importing Assets/Текстуры/Материалы/ГГ просто сегый маг 1.prefab using Guid(42e73c2240c68fe40813429d4091574b) Importer(815301076,1909f56bfc062723c751e8b465ee728b)  -> (artifact id: '1b6af02bfb18e6ebe3b59c637d037339') in 3.176263 seconds 
========================================================================
Received Import Request.
  Time since last request: 520.814283 seconds.
  path: Assets/Текстуры/Материалы/Sound
  artifactKey: Guid(98e6f8ebd7b8b5246853f6f0500979a2) Importer(815301076,1909f56bfc062723c751e8b465ee728b)
Start importing Assets/Текстуры/Материалы/Sound using Guid(98e6f8ebd7b8b5246853f6f0500979a2) Importer(815301076,1909f56bfc062723c751e8b465ee728b)  -> (artifact id: '79b24f45cb9e57e04b9bc0de23210dfb') in 0.022866 seconds 
========================================================================
Received Import Request.
  Time since last request: 5.569470 seconds.
  path: Assets/Prefab
  artifactKey: Guid(5bd3e0a62d038f04dbc99b64db035974) Importer(815301076,1909f56bfc062723c751e8b465ee728b)
Start importing Assets/Prefab using Guid(5bd3e0a62d038f04dbc99b64db035974) Importer(815301076,1909f56bfc062723c751e8b465ee728b)  -> (artifact id: '3c90ca460fa8b336419f1582652d5dda') in 0.006944 seconds 
========================================================================
Received Import Request.
  Time since last request: 0.047891 seconds.
  path: Assets/Prefab/Bullet.prefab
  artifactKey: Guid(a96ed526d76500f47b300a1a1794c870) Importer(815301076,1909f56bfc062723c751e8b465ee728b)
Start importing Assets/Prefab/Bullet.prefab using Guid(a96ed526d76500f47b300a1a1794c870) Importer(815301076,1909f56bfc062723c751e8b465ee728b)  -> (artifact id: '297040e62953c4146787c2efc903537c') in 0.194323 seconds 
========================================================================
Received Import Request.
  Time since last request: 3.928097 seconds.
  path: Assets/Анимации
  artifactKey: Guid(9f5af587125d08b47b525b4ee649e7ca) Importer(815301076,1909f56bfc062723c751e8b465ee728b)
Start importing Assets/Анимации using Guid(9f5af587125d08b47b525b4ee649e7ca) Importer(815301076,1909f56bfc062723c751e8b465ee728b)  -> (artifact id: 'e7b7e548bad06257e76a6f8ce1486f9a') in 0.008303 seconds 
========================================================================
Received Import Request.
  Time since last request: 2.106292 seconds.
  path: Assets/Текстуры/Серый маг
  artifactKey: Guid(78c41d73c80f151448ce54703cec0708) Importer(815301076,1909f56bfc062723c751e8b465ee728b)
Start importing Assets/Текстуры/Серый маг using Guid(78c41d73c80f151448ce54703cec0708) Importer(815301076,1909f56bfc062723c751e8b465ee728b)  -> (artifact id: 'c438f2698372041620a766d7265e899b') in 0.007521 seconds 
========================================================================
Received Import Request.
  Time since last request: 1.359856 seconds.
  path: Assets/Текстуры/Растительная подстилка
  artifactKey: Guid(7c67ae75bb56a7741bc1868417c93fd0) Importer(815301076,1909f56bfc062723c751e8b465ee728b)
Start importing Assets/Текстуры/Растительная подстилка using Guid(7c67ae75bb56a7741bc1868417c93fd0) Importer(815301076,1909f56bfc062723c751e8b465ee728b)  -> (artifact id: 'd879ed7558e7b33001986cb2ccf61a78') in 0.006974 seconds 
========================================================================
Received Import Request.
  Time since last request: 0.805728 seconds.
  path: Assets/Текстуры/Растительная подстилка/1645043514_19-phonoteka-org-p-zelenii-perelivayushchiisya-fon-20.png
  artifactKey: Guid(26d5cde69fe02f645852fd588c114f72) Importer(815301076,1909f56bfc062723c751e8b465ee728b)
Start importing Assets/Текстуры/Растительная подстилка/1645043514_19-phonoteka-org-p-zelenii-perelivayushchiisya-fon-20.png using Guid(26d5cde69fe02f645852fd588c114f72) Importer(815301076,1909f56bfc062723c751e8b465ee728b)  -> (artifact id: '048b719c449bad23ac162fba3993641e') in 0.231910 seconds 
========================================================================
Received Import Request.
  Time since last request: 133.292769 seconds.
  path: Assets/Текстуры/Материалы/ГГ для меню.prefab
  artifactKey: Guid(6c588cb2ebb0e0747accb918612962d4) Importer(815301076,1909f56bfc062723c751e8b465ee728b)
Start importing Assets/Текстуры/Материалы/ГГ для меню.prefab using Guid(6c588cb2ebb0e0747accb918612962d4) Importer(815301076,1909f56bfc062723c751e8b465ee728b)  -> (artifact id: '0ce4e4b3fc9427ff0dba8aa72fbf8856') in 0.150138 seconds 
========================================================================
Received Import Request.
  Time since last request: 15.491684 seconds.
  path: Assets/Текстуры/Материалы/ГГ для меню.prefab
  artifactKey: Guid(6c588cb2ebb0e0747accb918612962d4) Importer(815301076,1909f56bfc062723c751e8b465ee728b)
Start importing Assets/Текстуры/Материалы/ГГ для меню.prefab using Guid(6c588cb2ebb0e0747accb918612962d4) Importer(815301076,1909f56bfc062723c751e8b465ee728b)  -> (artifact id: '86fed588216b4c2e318fa4eaf85cdefa') in 0.099425 seconds 
========================================================================
Received Import Request.
  Time since last request: 6.424679 seconds.
  path: Assets/Текстуры/Материалы/ГГ для меню.prefab
  artifactKey: Guid(6c588cb2ebb0e0747accb918612962d4) Importer(815301076,1909f56bfc062723c751e8b465ee728b)
Start importing Assets/Текстуры/Материалы/ГГ для меню.prefab using Guid(6c588cb2ebb0e0747accb918612962d4) Importer(815301076,1909f56bfc062723c751e8b465ee728b)  -> (artifact id: 'e198cebb960286f3557defb662a529f1') in 0.210060 seconds 
========================================================================
Received Import Request.
  Time since last request: 5.265501 seconds.
  path: Assets/Текстуры/Материалы/ГГ для меню.prefab
  artifactKey: Guid(6c588cb2ebb0e0747accb918612962d4) Importer(815301076,1909f56bfc062723c751e8b465ee728b)
Start importing Assets/Текстуры/Материалы/ГГ для меню.prefab using Guid(6c588cb2ebb0e0747accb918612962d4) Importer(815301076,1909f56bfc062723c751e8b465ee728b)  -> (artifact id: '8f446abf5e3bbe3145fa95722478456c') in 0.094753 seconds 
========================================================================
Received Import Request.
  Time since last request: 3.358864 seconds.
  path: Assets/Текстуры/Материалы/ГГ для меню.prefab
  artifactKey: Guid(6c588cb2ebb0e0747accb918612962d4) Importer(815301076,1909f56bfc062723c751e8b465ee728b)
Start importing Assets/Текстуры/Материалы/ГГ для меню.prefab using Guid(6c588cb2ebb0e0747accb918612962d4) Importer(815301076,1909f56bfc062723c751e8b465ee728b)  -> (artifact id: '5441515c797cd48703919fc461893d7c') in 0.111159 seconds 
========================================================================
Received Import Request.
  Time since last request: 2.326986 seconds.
  path: Assets/Текстуры/Материалы/ГГ для меню.prefab
  artifactKey: Guid(6c588cb2ebb0e0747accb918612962d4) Importer(815301076,1909f56bfc062723c751e8b465ee728b)
Start importing Assets/Текстуры/Материалы/ГГ для меню.prefab using Guid(6c588cb2ebb0e0747accb918612962d4) Importer(815301076,1909f56bfc062723c751e8b465ee728b)  -> (artifact id: '65a8084206af786e0b3c4f96fec6f1e8') in 0.110108 seconds 
========================================================================
Received Import Request.
  Time since last request: 47.984573 seconds.
  path: Assets/Текстуры/Материалы/ГГ для меню.prefab
  artifactKey: Guid(6c588cb2ebb0e0747accb918612962d4) Importer(815301076,1909f56bfc062723c751e8b465ee728b)
Start importing Assets/Текстуры/Материалы/ГГ для меню.prefab using Guid(6c588cb2ebb0e0747accb918612962d4) Importer(815301076,1909f56bfc062723c751e8b465ee728b)  -> (artifact id: 'd7e1e86c8cd81e353314bff5cb511647') in 0.097722 seconds 
========================================================================
Received Prepare
Registering precompiled user dll's ...
Registered in 0.011383 seconds.
Begin MonoManager ReloadAssembly
Symbol file LoadedFromMemory doesn't match image D:\git\Legend-of-Wizard\Library\PackageCache\com.unity.visualscripting@1.8.0\Editor\VisualScripting.Core\Dependencies\YamlDotNet\Unity.VisualScripting.YamlDotNet.dll
Symbol file LoadedFromMemory doesn't match image D:\git\Legend-of-Wizard\Library\PackageCache\com.unity.visualscripting@1.8.0\Editor\VisualScripting.Core\Dependencies\DotNetZip\Unity.VisualScripting.IonicZip.dll
Native extension for UWP target not found
Native extension for WindowsStandalone target not found
Native extension for Android target not found
Refreshing native plugins compatible for Editor in 1.51 ms, found 4 plugins.
Preloading 0 native plugins for Editor in 0.00 ms.
Mono: successfully reloaded assembly
- Completed reload, in  2.759 seconds
Domain Reload Profiling:
	ReloadAssembly (2761ms)
		BeginReloadAssembly (473ms)
			ExecutionOrderSort (0ms)
			DisableScriptedObjects (27ms)
			BackupInstance (0ms)
			ReleaseScriptingObjects (0ms)
			CreateAndSetChildDomain (149ms)
		EndReloadAssembly (2029ms)
			LoadAssemblies (265ms)
			RebuildTransferFunctionScriptingTraits (0ms)
			SetupTypeCache (673ms)
			ReleaseScriptCaches (3ms)
			RebuildScriptCaches (133ms)
			SetupLoadedEditorAssemblies (879ms)
				LogAssemblyErrors (0ms)
				InitializePlatformSupportModulesInManaged (63ms)
				SetLoadedEditorAssemblies (2ms)
				RefreshPlugins (4ms)
				BeforeProcessingInitializeOnLoad (166ms)
				ProcessInitializeOnLoadAttributes (554ms)
				ProcessInitializeOnLoadMethodAttributes (82ms)
				AfterProcessingInitializeOnLoad (7ms)
				EditorAssembliesLoaded (1ms)
			ExecutionOrderSort2 (0ms)
			AwakeInstancesAfterBackupRestoration (29ms)
Platform modules already initialized, skipping
Refreshing native plugins compatible for Editor in 6.91 ms, found 4 plugins.
Preloading 0 native plugins for Editor in 0.00 ms.
Unloading 4027 Unused Serialized files (Serialized files now loaded: 0)
Unloading 35 unused Assets / (1.3 MB). Loaded Objects now: 4561.
Memory consumption went from 163.9 MB to 162.6 MB.
Total: 11.854200 ms (FindLiveObjects: 0.894800 ms CreateObjectMapping: 0.717800 ms MarkObjects: 9.893900 ms  DeleteObjects: 0.344700 ms)

AssetImportParameters requested are different than current active one (requested -> active):
  custom:video-decoder-ogg-theora: a1e56fd34408186e4bbccfd4996cb3dc -> 
  custom:container-muxer-webm: aa71ff27fc2769a1b78a27578f13a17b -> 
  custom:container-demuxer-webm: 4f35f7cbe854078d1ac9338744f61a02 -> 
  custom:video-encoder-webm-vp8: eb34c28f22e8b96e1ab97ce403110664 -> 
  custom:audio-encoder-webm-vorbis: bf7c407c2cedff20999df2af8eb42d56 -> 
  custom:framework-win-MediaFoundation: 216162199b28c13a410421893ffa2e32 -> 
  custom:container-demuxer-ogg: 62fdf1f143b41e24485cea50d1cbac27 -> 
  custom:video-decoder-webm-vp8: 9c59270c3fd7afecdb556c50c9e8de78 -> 
  custom:audio-decoder-ogg-vorbis: bf7c407c2cedff20999df2af8eb42d56 -> 
========================================================================
Received Import Request.
  Time since last request: 263.404374 seconds.
  path: Assets/TextMesh Pro/Resources/Fonts & Materials/LiberationSans SDF - Drop Shadow.mat
  artifactKey: Guid(e73a58f6e2794ae7b1b7e50b7fb811b0) Importer(815301076,1909f56bfc062723c751e8b465ee728b)
Start importing Assets/TextMesh Pro/Resources/Fonts & Materials/LiberationSans SDF - Drop Shadow.mat using Guid(e73a58f6e2794ae7b1b7e50b7fb811b0) Importer(815301076,1909f56bfc062723c751e8b465ee728b)  -> (artifact id: '6ffe9fbb89a22f3d5c6fa237713af00d') in 0.428974 seconds 
========================================================================
Received Import Request.
  Time since last request: 75.616531 seconds.
  path: Assets/Текстуры/Растительная подстилка/Mossy Tileset
  artifactKey: Guid(a9d5b65358585dc42beaf90478af50be) Importer(815301076,1909f56bfc062723c751e8b465ee728b)
Start importing Assets/Текстуры/Растительная подстилка/Mossy Tileset using Guid(a9d5b65358585dc42beaf90478af50be) Importer(815301076,1909f56bfc062723c751e8b465ee728b)  -> (artifact id: 'bf1aa832d44555dc6725ca43ad4a439b') in 0.015931 seconds 
========================================================================
Received Import Request.
  Time since last request: 0.036011 seconds.
  path: Assets/Текстуры/Растительная подстилка/Mossy Tileset/Mossy - BackgroundDecoration.png
  artifactKey: Guid(1623c8ecb7be31d45963ae16e250861c) Importer(815301076,1909f56bfc062723c751e8b465ee728b)
Start importing Assets/Текстуры/Растительная подстилка/Mossy Tileset/Mossy - BackgroundDecoration.png using Guid(1623c8ecb7be31d45963ae16e250861c) Importer(815301076,1909f56bfc062723c751e8b465ee728b)  -> (artifact id: '49298b108da091f4e1b7d3cab3a775b8') in 0.675416 seconds 
========================================================================
Received Import Request.
  Time since last request: 0.000043 seconds.
  path: Assets/Текстуры/Растительная подстилка/Mossy Tileset/Mossy - Hanging Plants.png
  artifactKey: Guid(9c599f7b23d4781478465f83cfef8664) Importer(815301076,1909f56bfc062723c751e8b465ee728b)
Start importing Assets/Текстуры/Растительная подстилка/Mossy Tileset/Mossy - Hanging Plants.png using Guid(9c599f7b23d4781478465f83cfef8664) Importer(815301076,1909f56bfc062723c751e8b465ee728b)  -> (artifact id: '923315ac7df89b4914f001f42efc3986') in 0.550153 seconds 
========================================================================
Received Import Request.
  Time since last request: 0.000071 seconds.
  path: Assets/Текстуры/Растительная подстилка/Mossy Tileset/Mossy - TileSet.png
  artifactKey: Guid(cf0a18c3965fe5f4380bdf51a8dda339) Importer(815301076,1909f56bfc062723c751e8b465ee728b)
Start importing Assets/Текстуры/Растительная подстилка/Mossy Tileset/Mossy - TileSet.png using Guid(cf0a18c3965fe5f4380bdf51a8dda339) Importer(815301076,1909f56bfc062723c751e8b465ee728b)  -> (artifact id: '8a83c0de7acde9ac584fbc29ff6cf2c6') in 0.975548 seconds 
========================================================================
Received Import Request.
  Time since last request: 179.896420 seconds.
  path: Assets/Samples/Cinemachine/2.8.9/Cinemachine Example Scenes/Shared/Materials/Trigger.mat
  artifactKey: Guid(f5ec88a687cc6d9448380f21861d57ab) Importer(815301076,1909f56bfc062723c751e8b465ee728b)
Start importing Assets/Samples/Cinemachine/2.8.9/Cinemachine Example Scenes/Shared/Materials/Trigger.mat using Guid(f5ec88a687cc6d9448380f21861d57ab) Importer(815301076,1909f56bfc062723c751e8b465ee728b)  -> (artifact id: '2b07188661f43d5a47f2644ab63c63ef') in 0.375258 seconds 
========================================================================
Received Import Request.
  Time since last request: 0.000048 seconds.
  path: Assets/Samples/Cinemachine/2.8.9/Cinemachine Example Scenes/Scenes/Anywhere Door/Materials/Skybox_Mat.mat
  artifactKey: Guid(0ffaa0b7117ba8c47a9d05ae701d4b4d) Importer(815301076,1909f56bfc062723c751e8b465ee728b)
Start importing Assets/Samples/Cinemachine/2.8.9/Cinemachine Example Scenes/Scenes/Anywhere Door/Materials/Skybox_Mat.mat using Guid(0ffaa0b7117ba8c47a9d05ae701d4b4d) Importer(815301076,1909f56bfc062723c751e8b465ee728b)  -> (artifact id: '9e24d2777245d54bc410f24c5c379741') in 0.281016 seconds 
========================================================================
Received Import Request.
  Time since last request: 149.319080 seconds.
  path: Assets/Текстуры/Растительная подстилка/Plant Animations
  artifactKey: Guid(4807387b5864c7a4395bbf6bf118ef5b) Importer(815301076,1909f56bfc062723c751e8b465ee728b)
Start importing Assets/Текстуры/Растительная подстилка/Plant Animations using Guid(4807387b5864c7a4395bbf6bf118ef5b) Importer(815301076,1909f56bfc062723c751e8b465ee728b)  -> (artifact id: '0dcb9f68d87ade94fff85a69f684b44b') in 0.010335 seconds 
========================================================================
Received Import Request.
  Time since last request: 57.532603 seconds.
  path: Assets/Samples/Cinemachine/2.8.9/Cinemachine Example Scenes/Scenes/Anywhere Door/Materials/Pink.mat
  artifactKey: Guid(764fcb585f1f34a6da8ae3fca76c1261) Importer(815301076,1909f56bfc062723c751e8b465ee728b)
Start importing Assets/Samples/Cinemachine/2.8.9/Cinemachine Example Scenes/Scenes/Anywhere Door/Materials/Pink.mat using Guid(764fcb585f1f34a6da8ae3fca76c1261) Importer(815301076,1909f56bfc062723c751e8b465ee728b)  -> (artifact id: '1ce1001e2f20fb216e267f6ab2cb07b6') in 0.555419 seconds 
========================================================================
Received Prepare
Registering precompiled user dll's ...
Registered in 0.011033 seconds.
Begin MonoManager ReloadAssembly
Symbol file LoadedFromMemory doesn't match image D:\git\Legend-of-Wizard\Library\PackageCache\com.unity.visualscripting@1.8.0\Editor\VisualScripting.Core\Dependencies\YamlDotNet\Unity.VisualScripting.YamlDotNet.dll
Symbol file LoadedFromMemory doesn't match image D:\git\Legend-of-Wizard\Library\PackageCache\com.unity.visualscripting@1.8.0\Editor\VisualScripting.Core\Dependencies\DotNetZip\Unity.VisualScripting.IonicZip.dll
Native extension for UWP target not found
Native extension for WindowsStandalone target not found
Native extension for Android target not found
Refreshing native plugins compatible for Editor in 2.33 ms, found 4 plugins.
Preloading 0 native plugins for Editor in 0.00 ms.
Mono: successfully reloaded assembly
- Completed reload, in  2.884 seconds
Domain Reload Profiling:
	ReloadAssembly (2886ms)
		BeginReloadAssembly (490ms)
			ExecutionOrderSort (0ms)
			DisableScriptedObjects (36ms)
			BackupInstance (0ms)
			ReleaseScriptingObjects (0ms)
			CreateAndSetChildDomain (201ms)
		EndReloadAssembly (2121ms)
			LoadAssemblies (255ms)
			RebuildTransferFunctionScriptingTraits (0ms)
			SetupTypeCache (683ms)
			ReleaseScriptCaches (3ms)
			RebuildScriptCaches (138ms)
			SetupLoadedEditorAssemblies (954ms)
				LogAssemblyErrors (0ms)
				InitializePlatformSupportModulesInManaged (62ms)
				SetLoadedEditorAssemblies (1ms)
				RefreshPlugins (3ms)
				BeforeProcessingInitializeOnLoad (174ms)
				ProcessInitializeOnLoadAttributes (605ms)
				ProcessInitializeOnLoadMethodAttributes (101ms)
				AfterProcessingInitializeOnLoad (7ms)
				EditorAssembliesLoaded (1ms)
			ExecutionOrderSort2 (0ms)
			AwakeInstancesAfterBackupRestoration (27ms)
Platform modules already initialized, skipping
Refreshing native plugins compatible for Editor in 9.08 ms, found 4 plugins.
Preloading 0 native plugins for Editor in 0.00 ms.
Unloading 4027 Unused Serialized files (Serialized files now loaded: 0)
Unloading 35 unused Assets / (1.3 MB). Loaded Objects now: 4640.
Memory consumption went from 164.3 MB to 163.0 MB.
Total: 11.071700 ms (FindLiveObjects: 0.511100 ms CreateObjectMapping: 0.518700 ms MarkObjects: 9.542700 ms  DeleteObjects: 0.496000 ms)

AssetImportParameters requested are different than current active one (requested -> active):
  custom:video-decoder-ogg-theora: a1e56fd34408186e4bbccfd4996cb3dc -> 
  custom:container-muxer-webm: aa71ff27fc2769a1b78a27578f13a17b -> 
  custom:container-demuxer-webm: 4f35f7cbe854078d1ac9338744f61a02 -> 
  custom:video-encoder-webm-vp8: eb34c28f22e8b96e1ab97ce403110664 -> 
  custom:audio-encoder-webm-vorbis: bf7c407c2cedff20999df2af8eb42d56 -> 
  custom:framework-win-MediaFoundation: 216162199b28c13a410421893ffa2e32 -> 
  custom:container-demuxer-ogg: 62fdf1f143b41e24485cea50d1cbac27 -> 
  custom:video-decoder-webm-vp8: 9c59270c3fd7afecdb556c50c9e8de78 -> 
  custom:audio-decoder-ogg-vorbis: bf7c407c2cedff20999df2af8eb42d56 -> 
========================================================================
Received Import Request.
  Time since last request: 351.080545 seconds.
  path: Assets/Samples/Cinemachine/2.8.9/Cinemachine Example Scenes/Shared/Materials/Ground big.mat
  artifactKey: Guid(0e079ef97504e314080afe2ab2599e87) Importer(815301076,1909f56bfc062723c751e8b465ee728b)
Start importing Assets/Samples/Cinemachine/2.8.9/Cinemachine Example Scenes/Shared/Materials/Ground big.mat using Guid(0e079ef97504e314080afe2ab2599e87) Importer(815301076,1909f56bfc062723c751e8b465ee728b)  -> (artifact id: '1b777b49140a0e89524e2a2fb41faac3') in 0.870285 seconds 
========================================================================
Received Import Request.
  Time since last request: 582.506476 seconds.
  path: Assets/Текстуры/Материалы/ГГ для меню.prefab
  artifactKey: Guid(6c588cb2ebb0e0747accb918612962d4) Importer(815301076,1909f56bfc062723c751e8b465ee728b)
Start importing Assets/Текстуры/Материалы/ГГ для меню.prefab using Guid(6c588cb2ebb0e0747accb918612962d4) Importer(815301076,1909f56bfc062723c751e8b465ee728b)  -> (artifact id: '2fc8c585157af4979802122af3ee8cd5') in 0.817219 seconds 
========================================================================
Received Prepare
Registering precompiled user dll's ...
Registered in 0.011087 seconds.
Begin MonoManager ReloadAssembly
Symbol file LoadedFromMemory doesn't match image D:\git\Legend-of-Wizard\Library\PackageCache\com.unity.visualscripting@1.8.0\Editor\VisualScripting.Core\Dependencies\YamlDotNet\Unity.VisualScripting.YamlDotNet.dll
Symbol file LoadedFromMemory doesn't match image D:\git\Legend-of-Wizard\Library\PackageCache\com.unity.visualscripting@1.8.0\Editor\VisualScripting.Core\Dependencies\DotNetZip\Unity.VisualScripting.IonicZip.dll
Native extension for UWP target not found
Native extension for WindowsStandalone target not found
Native extension for Android target not found
Refreshing native plugins compatible for Editor in 1.45 ms, found 4 plugins.
Preloading 0 native plugins for Editor in 0.00 ms.
Mono: successfully reloaded assembly
- Completed reload, in  2.727 seconds
Domain Reload Profiling:
	ReloadAssembly (2729ms)
		BeginReloadAssembly (512ms)
			ExecutionOrderSort (0ms)
			DisableScriptedObjects (29ms)
			BackupInstance (0ms)
			ReleaseScriptingObjects (0ms)
			CreateAndSetChildDomain (210ms)
		EndReloadAssembly (1974ms)
			LoadAssemblies (268ms)
			RebuildTransferFunctionScriptingTraits (0ms)
			SetupTypeCache (636ms)
			ReleaseScriptCaches (3ms)
			RebuildScriptCaches (130ms)
			SetupLoadedEditorAssemblies (862ms)
				LogAssemblyErrors (0ms)
				InitializePlatformSupportModulesInManaged (59ms)
				SetLoadedEditorAssemblies (1ms)
				RefreshPlugins (2ms)
				BeforeProcessingInitializeOnLoad (165ms)
				ProcessInitializeOnLoadAttributes (543ms)
				ProcessInitializeOnLoadMethodAttributes (84ms)
				AfterProcessingInitializeOnLoad (8ms)
				EditorAssembliesLoaded (0ms)
			ExecutionOrderSort2 (0ms)
			AwakeInstancesAfterBackupRestoration (25ms)
Platform modules already initialized, skipping
Refreshing native plugins compatible for Editor in 8.31 ms, found 4 plugins.
Preloading 0 native plugins for Editor in 0.00 ms.
Unloading 4027 Unused Serialized files (Serialized files now loaded: 0)
Unloading 35 unused Assets / (1.3 MB). Loaded Objects now: 4655.
Memory consumption went from 164.3 MB to 163.0 MB.
Total: 11.504000 ms (FindLiveObjects: 0.761000 ms CreateObjectMapping: 0.400800 ms MarkObjects: 9.906400 ms  DeleteObjects: 0.433300 ms)

AssetImportParameters requested are different than current active one (requested -> active):
  custom:video-decoder-ogg-theora: a1e56fd34408186e4bbccfd4996cb3dc -> 
  custom:container-muxer-webm: aa71ff27fc2769a1b78a27578f13a17b -> 
  custom:container-demuxer-webm: 4f35f7cbe854078d1ac9338744f61a02 -> 
  custom:video-encoder-webm-vp8: eb34c28f22e8b96e1ab97ce403110664 -> 
  custom:audio-encoder-webm-vorbis: bf7c407c2cedff20999df2af8eb42d56 -> 
  custom:framework-win-MediaFoundation: 216162199b28c13a410421893ffa2e32 -> 
  custom:container-demuxer-ogg: 62fdf1f143b41e24485cea50d1cbac27 -> 
  custom:video-decoder-webm-vp8: 9c59270c3fd7afecdb556c50c9e8de78 -> 
  custom:audio-decoder-ogg-vorbis: bf7c407c2cedff20999df2af8eb42d56 -> 
